==============================================================
Vivado(TM) HLS - High-Level Synthesis from C, C++ and SystemC v2019.2 (64-bit)
Copyright 1986-2019 Xilinx, Inc. All Rights Reserved.
==============================================================
INFO: [HLS 200-10] Setting target device to 'xc7v585t-ffg1761-2'
INFO: [SYN 201-201] Setting up clock 'default' with a period of 5ns.
INFO: [SCHED 204-61] Option 'relax_ii_for_timing' is enabled, will increase II to preserve clock frequency constraints.
INFO: [HLS 200-10] Analyzing design file 'matrixmultiplication.cpp' ... 
INFO: [HLS 200-111] Finished Linking Time (s): cpu = 00:00:04 ; elapsed = 00:09:40 . Memory (MB): peak = 177.824 ; gain = 116.137
INFO: [HLS 200-111] Finished Checking Pragmas Time (s): cpu = 00:00:04 ; elapsed = 00:09:40 . Memory (MB): peak = 177.824 ; gain = 116.137
INFO: [HLS 200-10] Starting code transformations ...
INFO: [HLS 200-111] Finished Standard Transforms Time (s): cpu = 00:00:04 ; elapsed = 00:09:50 . Memory (MB): peak = 177.824 ; gain = 116.137
INFO: [HLS 200-10] Checking synthesizability ...
INFO: [HLS 200-111] Finished Checking Synthesizability Time (s): cpu = 00:00:04 ; elapsed = 00:09:51 . Memory (MB): peak = 177.824 ; gain = 116.137
INFO: [XFORM 203-502] Unrolling all sub-loops inside loop 'col' (matrixmultiplication.cpp:11) in function 'matrixmul' for pipelining.
INFO: [HLS 200-489] Unrolling loop 'product' (matrixmultiplication.cpp:15) in function 'matrixmul' completely with a factor of 32.
INFO: [XFORM 203-131] Reshaping array 'A' (matrixmultiplication.cpp:6) in dimension 2 completely.
INFO: [XFORM 203-131] Reshaping array 'B' (matrixmultiplication.cpp:6) in dimension 1 completely.
INFO: [XFORM 203-11] Balancing expressions in function 'matrixmul' (matrixmultiplication.cpp:6)...31 expression(s) balanced.
INFO: [HLS 200-111] Finished Pre-synthesis Time (s): cpu = 00:00:05 ; elapsed = 00:09:56 . Memory (MB): peak = 177.824 ; gain = 116.137
INFO: [XFORM 203-541] Flattening a loop nest 'row' (matrixmultiplication.cpp:10:36) in function 'matrixmul'.
INFO: [HLS 200-111] Finished Architecture Synthesis Time (s): cpu = 00:00:05 ; elapsed = 00:09:58 . Memory (MB): peak = 177.824 ; gain = 116.137
INFO: [HLS 200-10] Starting hardware synthesis ...
INFO: [HLS 200-10] Synthesizing 'matrixmul' ...
INFO: [HLS 200-10] ----------------------------------------------------------------
INFO: [HLS 200-42] -- Implementing module 'matrixmul' 
INFO: [HLS 200-10] ----------------------------------------------------------------
INFO: [SCHED 204-11] Starting scheduling ...
INFO: [SCHED 204-61] Pipelining loop 'row_col'.
INFO: [SCHED 204-61] Pipelining result : Target II = 1, Final II = 1, Depth = 10.
INFO: [SCHED 204-11] Finished scheduling.
INFO: [HLS 200-111]  Elapsed time: 602.627 seconds; current allocated memory: 113.543 MB.
INFO: [BIND 205-100] Starting micro-architecture generation ...
INFO: [BIND 205-101] Performing variable lifetime analysis.
INFO: [BIND 205-101] Exploring resource sharing.
INFO: [BIND 205-101] Binding ...
INFO: [BIND 205-100] Finished micro-architecture generation.
INFO: [HLS 200-111]  Elapsed time: 2.105 seconds; current allocated memory: 114.361 MB.
INFO: [HLS 200-10] ----------------------------------------------------------------
INFO: [HLS 200-10] -- Generating RTL for module 'matrixmul' 
INFO: [HLS 200-10] ----------------------------------------------------------------
INFO: [RTGEN 206-500] Setting interface mode on port 'matrixmul/A' to 'ap_memory'.
INFO: [RTGEN 206-500] Setting interface mode on port 'matrixmul/B' to 'ap_memory'.
INFO: [RTGEN 206-500] Setting interface mode on port 'matrixmul/AB' to 'ap_memory'.
INFO: [RTGEN 206-500] Setting interface mode on function 'matrixmul' to 'ap_ctrl_hs'.
INFO: [SYN 201-210] Renamed object name 'matrixmul_mul_32s_32s_32_3_1' to 'matrixmul_mul_32sbkb' due to the length limit 20
INFO: [RTGEN 206-100] Generating core module 'matrixmul_mul_32sbkb': 32 instance(s).
INFO: [RTGEN 206-100] Finished creating RTL model for 'matrixmul'.
INFO: [HLS 200-111]  Elapsed time: 1.962 seconds; current allocated memory: 116.506 MB.
INFO: [HLS 200-790] **** Loop Constraint Status: All loop constraints were satisfied.
INFO: [HLS 200-789] **** Estimated Fmax: 243.43 MHz
INFO: [RTMG 210-282] Generating pipelined core: 'matrixmul_mul_32sbkb_MulnS_0'
IN==============================================================
Vivado(TM) HLS - High-Level Synthesis from C, C++ and SystemC v2019.2 (64-bit)
Copyright 1986-2019 Xilinx, Inc. All Rights Reserved.
==============================================================
INFO: [SYN 201-201] Setting up clock 'default' with a period of 5ns.
INFO: [HLS 200-10] Setting target device to 'xc7v585t-ffg1761-2'
INFO: [SIM 211-2] *************** CSIM start ***************
INFO: [SIM 211-4] CSIM will launch GCC as the compiler.
ERROR: [SIM 211-100] 'csim_design' failed: compilation error(s).
INFO: [SIM 211-3] *************** CSIM finish ***************
==============================================================
Vivado(TM) HLS - High-Level Synthesis from C, C++ and SystemC v2019.2 (64-bit)
Copyright 1986-2019 Xilinx, Inc. All Rights Reserved.
==============================================================
INFO: [SYN 201-201] Setting up clock 'default' with a period of 5ns.
INFO: [HLS 200-10] Setting target device to 'xc7v585t-ffg1761-2'
INFO: [SIM 211-2] *************** CSIM start ***************
INFO: [SIM 211-4] CSIM will launch GCC as the compiler.
ERROR: [SIM 211-100] 'csim_design' failed: compilation error(s).
INFO: [SIM 211-3] *************** CSIM finish ***************
==============================================================
Vivado(TM) HLS - High-Level Synthesis from C, C++ and SystemC v2019.2 (64-bit)
Copyright 1986-2019 Xilinx, Inc. All Rights Reserved.
==============================================================
INFO: [SYN 201-201] Setting up clock 'default' with a period of 5ns.
INFO: [HLS 200-10] Setting target device to 'xc7v585t-ffg1761-2'
INFO: [SIM 211-2] *************** CSIM start ***************
INFO: [SIM 211-4] CSIM will launch GCC as the compiler.
ERROR: [SIM 211-100] 'csim_design' failed: compilation error(s).
INFO: [SIM 211-3] *************** CSIM finish ***************
==============================================================
Vivado(TM) HLS - High-Level Synthesis from C, C++ and SystemC v2019.2 (64-bit)
Copyright 1986-2019 Xilinx, Inc. All Rights Reserved.
==============================================================
INFO: [SYN 201-201] Setting up clock 'default' with a period of 5ns.
INFO: [HLS 200-10] Setting target device to 'xc7v585t-ffg1761-2'
INFO: [SIM 211-2] *************** CSIM start ***************
INFO: [SIM 211-4] CSIM will launch GCC as the compiler.
ERROR: [SIM 211-100] 'csim_design' failed: compilation error(s).
INFO: [SIM 211-3] *************** CSIM finish ***************
==============================================================
Vivado(TM) HLS - High-Level Synthesis from C, C++ and SystemC v2019.2 (64-bit)
Copyright 1986-2019 Xilinx, Inc. All Rights Reserved.
==============================================================
INFO: [SYN 201-201] Setting up clock 'default' with a period of 5ns.
INFO: [HLS 200-10] Setting target device to 'xc7v585t-ffg1761-2'
INFO: [SIM 211-2] *************** CSIM start ***************
INFO: [SIM 211-4] CSIM will launch GCC as the compiler.
ERROR: [SIM 211-100] 'csim_design' failed: compilation error(s).
INFO: [SIM 211-3] *************** CSIM finish ***************
==============================================================
Vivado(TM) HLS - High-Level Synthesis from C, C++ and SystemC v2019.2 (64-bit)
Copyright 1986-2019 Xilinx, Inc. All Rights Reserved.
==============================================================
INFO: [SYN 201-201] Setting up clock 'default' with a period of 5ns.
INFO: [HLS 200-10] Setting target device to 'xc7v585t-ffg1761-2'
INFO: [SIM 211-2] *************** CSIM start ***************
INFO: [SIM 211-4] CSIM will launch GCC as the compiler.
INFO: [SIM 211-1] CSim done with 0 errors.
INFO: [SIM 211-3] *************** CSIM finish ***************
==============================================================
Vivado(TM) HLS - High-Level Synthesis from C, C++ and SystemC v2019.2 (64-bit)
Copyright 1986-2019 Xilinx, Inc. All Rights Reserved.
==============================================================
INFO: [SYN 201-201] Setting up clock 'default' with a period of 5ns.
INFO: [HLS 200-10] Setting target device to 'xc7v585t-ffg1761-2'
INFO: [SIM 211-2] *************** CSIM start ***************
INFO: [SIM 211-4] CSIM will launch GCC as the compiler.
INFO: [SIM 211-1] CSim done with 0 errors.
INFO: [SIM 211-3] *************** CSIM finish ***************
==============================================================
Vivado(TM) HLS - High-Level Synthesis from C, C++ and SystemC v2019.2 (64-bit)
Copyright 1986-2019 Xilinx, Inc. All Rights Reserved.
==============================================================
INFO: [SYN 201-201] Setting up clock 'default' with a period of 5ns.
INFO: [HLS 200-10] Setting target device to 'xc7v585t-ffg1761-2'
INFO: [SCHED 204-61] Option 'relax_ii_for_timing' is enabled, will increase II to preserve clock frequency constraints.
INFO: [HLS 200-10] Analyzing design file 'matrixmultiplication.cpp' ... 
INFO: [HLS 200-111] Finished Linking Time (s): cpu = 00:00:02 ; elapsed = 00:00:20 . Memory (MB): peak = 197.918 ; gain = 105.859
INFO: [HLS 200-111] Finished Checking Pragmas Time (s): cpu = 00:00:02 ; elapsed = 00:00:20 . Memory (MB): peak = 197.918 ; gain = 105.859
INFO: [HLS 200-10] Starting code transformations ...
INFO: [HLS 200-111] Finished Standard Transforms Time (s): cpu = 00:00:02 ; elapsed = 00:00:22 . Memory (MB): peak = 197.918 ; gain = 105.859
INFO: [HLS 200-10] Checking synthesizability ...
INFO: [HLS 200-111] Finished Checking Synthesizability Time (s): cpu = 00:00:02 ; elapsed = 00:00:22 . Memory (MB): peak = 197.918 ; gain = 105.859
INFO: [XFORM 203-502] Unrolling all sub-loops inside loop 'col' (matrixmultiplication.cpp:11) in function 'matrixmul' for pipelining.
INFO: [HLS 200-489] Unrolling loop 'product' (matrixmultiplication.cpp:15) in function 'matrixmul' completely with a factor of 32.
INFO: [XFORM 203-11] Balancing expressions in function 'matrixmul' (matrixmultiplication.cpp:6)...31 expression(s) balanced.
INFO: [HLS 200-111] Finished Pre-synthesis Time (s): cpu = 00:00:02 ; elapsed = 00:00:22 . Memory (MB): peak = 197.918 ; gain = 105.859
INFO: [XFORM 203-541] Flattening a loop nest 'row' (matrixmultiplication.cpp:10:37) in function 'matrixmul'.
INFO: [HLS 200-111] Finished Architecture Synthesis Time (s): cpu = 00:00:03 ; elapsed = 00:00:23 . Memory (MB): peak = 197.918 ; gain = 105.859
INFO: [HLS 200-10] Starting hardware synthesis ...
INFO: [HLS 200-10] Synthesizing 'matrixmul' ...
INFO: [HLS 200-10] ----------------------------------------------------------------
INFO: [HLS 200-42] -- Implementing module 'matrixmul' 
INFO: [HLS 200-10] ----------------------------------------------------------------
INFO: [SCHED 204-11] Starting scheduling ...
INFO: [SCHED 204-61] Pipelining loop 'row_col'.
WARNING: [SCHED 204-69] Unable to schedule 'load' operation ('A_load_2', matrixmultiplication.cpp:16) on array 'A' due to limited memory ports. Please consider using a memory core with more ports or partitioning the array 'A'.
INFO: [SCHED 204-61] Pipelining result : Target II = 1, Final II = 16, Depth = 30.
INFO: [SCHED 204-11] Finished scheduling.
INFO: [HLS 200-111]  Elapsed time: 24.339 seconds; current allocated memory: 114.670 MB.
INFO: [BIND 205-100] Starting micro-architecture generation ...
INFO: [BIND 205-101] Performing variable lifetime analysis.
INFO: [BIND 205-101] Exploring resource sharing.
INFO: [BIND 205-101] Binding ...
INFO: [BIND 205-100] Finished micro-architecture generation.
INFO: [HLS 200-111]  Elapsed time: 0.513 seconds; current allocated memory: 115.982 MB.
INFO: [HLS 200-10] ----------------------------------------------------------------
INFO: [HLS 200-10] -- Generating RTL for module 'matrixmul' 
INFO: [HLS 200-10] ----------------------------------------------------------------
INFO: [RTGEN 206-500] Setting interface mode on port 'matrixmul/A' to 'ap_memory'.
INFO: [RTGEN 206-500] Setting interface mode on port 'matrixmul/B' to 'ap_memory'.
INFO: [RTGEN 206-500] Setting interface mode on port 'matrixmul/AB' to 'ap_memory'.
INFO: [RTGEN 206-500] Setting interface mode on function 'matrixmul' to 'ap_ctrl_hs'.
INFO: [SYN 201-210] Renamed object name 'matrixmul_mul_32s_32s_32_3_1' to 'matrixmul_mul_32sbkb' due to the length limit 20
INFO: [RTGEN 206-100] Generating core module 'matrixmul_mul_32sbkb': 29 instance(s).
INFO: [RTGEN 206-100] Finished creating RTL model for 'matrixmul'.
INFO: [HLS 200-111]  Elapsed time: 0.703 seconds; current allocated memory: 118.622 MB.
INFO: [HLS 200-790] **** Loop Constraint Status: All loop constraints were NOT satisfied.
INFO: [HLS 200-789] **** Estimated Fmax: 243.43 MHz
INFO: [RTMG 210-282] Generating pipelined core: 'matrixmul_mul_32sbkb_MulnS_0'
INFO: [HLS 200-111] Finished generating all RTL models Time (s): cpu = 00:00:06 ; elapsed = 00:00:32 . Memory (MB): peak = 197.918 ; gain = 105.859
INFO: [VHDL 208-304] Generating VHDL RTL for matrixmul.
INFO: [VLOG 209-307] Generating Verilog RTL for matrixmul.
INFO: [HLS 200-112] Total elapsed time: 32.573 seconds; peak allocated memory: 118.622 MB.
==============================================================
Vivado(TM) HLS - High-Level Synthesis from C, C++ and SystemC v2019.2 (64-bit)
Copyright 1986-2019 Xilinx, Inc. All Rights Reserved.
==============================================================
INFO: [SYN 201-201] Setting up clock 'default' with a period of 5ns.
INFO: [HLS 200-10] Setting target device to 'xc7z020-clg400-1'
INFO: [HLS 200-435] Setting 'config_sdx -optimization_level' configuration: config_export -vivado_optimization_level=2
INFO: [HLS 200-435] Setting 'config_sdx -target' configuration: config_export -vivado_optimization_level=2
INFO: [HLS 200-435] Setting 'config_sdx -target' configuration: set_clock_uncertainty default
INFO: [SYN 201-201] Setting up clock 'default' with an uncertainty of 0.625ns.
WARNING: [HLS 200-483] The 'config_sdx -optimization_level' command is deprecated and will be removed in a future release. Use 'config_export -vivado_optimization_level' as its replacement.
INFO: [HLS 200-435] Setting 'config_sdx -optimization_level' configuration: config_export -vivado_optimization_level=2
INFO: [HLS 200-435] Setting 'config_sdx -target' configuration: config_export -vivado_optimization_level=2
INFO: [HLS 200-435] Setting 'config_sdx -target' configuration: set_clock_uncertainty default
WARNING: [HLS 200-484] The 'config_sdx -optimization_level' command is deprecated and will be removed in a future release.
INFO: [SCHED 204-61] Option 'relax_ii_for_timing' is enabled, will increase II to preserve clock frequency constraints.
INFO: [HLS 200-10] Analyzing design file 'matrixmultiplication.cpp' ... 
INFO: [HLS 200-111] Finished Linking Time (s): cpu = 00:00:02 ; elapsed = 00:00:13 . Memory (MB): peak = 197.621 ; gain = 108.117
INFO: [HLS 200-111] Finished Checking Pragmas Time (s): cpu = 00:00:02 ; elapsed = 00:00:13 . Memory (MB): peak = 197.621 ; gain = 108.117
INFO: [HLS 200-10] Starting code transformations ...
INFO: [HLS 200-111] Finished Standard Transforms Time (s): cpu = 00:00:02 ; elapsed = 00:00:14 . Memory (MB): peak = 197.621 ; gain = 108.117
INFO: [HLS 200-10] Checking synthesizability ...
INFO: [HLS 200-111] Finished Checking Synthesizability Time (s): cpu = 00:00:03 ; elapsed = 00:00:14 . Memory (MB): peak = 197.621 ; gain = 108.117
INFO: [XFORM 203-502] Unrolling all sub-loops inside loop 'col' (matrixmultiplication.cpp:11) in function 'matrixmul' for pipelining.
INFO: [HLS 200-489] Unrolling loop 'product' (matrixmultiplication.cpp:15) in function 'matrixmul' completely with a factor of 32.
INFO: [XFORM 203-11] Balancing expressions in function 'matrixmul' (matrixmultiplication.cpp:6)...31 expression(s) balanced.
INFO: [HLS 200-111] Finished Pre-synthesis Time (s): cpu = 00:00:03 ; elapsed = 00:00:14 . Memory (MB): peak = 197.621 ; gain = 108.117
INFO: [XFORM 203-541] Flattening a loop nest 'row' (matrixmultiplication.cpp:10:37) in function 'matrixmul'.
INFO: [HLS 200-111] Finished Architecture Synthesis Time (s): cpu = 00:00:03 ; elapsed = 00:00:15 . Memory (MB): peak = 197.621 ; gain = 108.117
INFO: [HLS 200-10] Starting hardware synthesis ...
INFO: [HLS 200-10] Synthesizing 'matrixmul' ...
INFO: [HLS 200-10] ----------------------------------------------------------------
INFO: [HLS 200-42] -- Implementing module 'matrixmul' 
INFO: [HLS 200-10] ----------------------------------------------------------------
INFO: [SCHED 204-11] Starting scheduling ...
INFO: [SCHED 204-61] Pipelining loop 'row_col'.
WARNING: [SCHED 204-69] Unable to schedule 'load' operation ('A_load_1', matrixmultiplication.cpp:16) on array 'A' due to limited memory ports. Please consider using a memory core with more ports or partitioning the array 'A'.
INFO: [SCHED 204-61] Pipelining result : Target II = 1, Final II = 32, Depth = 55.
INFO: [SCHED 204-11] Finished scheduling.
INFO: [HLS 200-111]  Elapsed time: 15.542 seconds; current allocated memory: 115.301 MB.
INFO: [BIND 205-100] Starting micro-architecture generation ...
INFO: [BIND 205-101] Performing variable lifetime analysis.
INFO: [BIND 205-101] Exploring resource sharing.
INFO: [BIND 205-101] Binding ...
INFO: [BIND 205-100] Finished micro-architecture generation.
INFO: [HLS 200-111]  Elapsed time: 0.49 seconds; current allocated memory: 116.756 MB.
INFO: [HLS 200-10] ----------------------------------------------------------------
INFO: [HLS 200-10] -- Generating RTL for module 'matrixmul' 
INFO: [HLS 200-10] ----------------------------------------------------------------
INFO: [RTGEN 206-500] Setting interface mode on port 'matrixmul/A' to 's_axilite & ap_memory'.
INFO: [RTGEN 206-500] Setting interface mode on port 'matrixmul/B' to 's_axilite & ap_memory'.
INFO: [RTGEN 206-500] Setting interface mode on port 'matrixmul/AB' to 's_axilite & ap_memory'.
INFO: [RTGEN 206-500] Setting interface mode on function 'matrixmul' to 's_axilite & ap_ctrl_hs'.
INFO: [RTGEN 206-100] Bundling port 'return', 'B' and 'AB' to AXI-Lite port AXILiteS.
INFO: [SYN 201-210] Renamed object name 'matrixmul_mul_32s_32s_32_5_1' to 'matrixmul_mul_32sbkb' due to the length limit 20
INFO: [RTGEN 206-100] Generating core module 'matrixmul_mul_32sbkb': 21 instance(s).
INFO: [RTGEN 206-100] Finished creating RTL model for 'matrixmul'.
INFO: [HLS 200-111]  Elapsed time: 0.771 seconds; current allocated memory: 119.738 MB.
INFO: [HLS 200-790] **** Loop Constraint Status: All loop constraints were NOT satisfied.
INFO: [HLS 200-789] **** Estimated Fmax: 228.78 MHz
INFO: [RTMG 210-282] Generating pipelined core: 'matrixmul_mul_32sbkb_MulnS_0'
INFO: [HLS 200-111] Finished generating all RTL models Time (s): cpu = 00:00:06 ; elapsed = 00:00:20 . Memory (MB): peak = 197.621 ; gain = 108.117
INFO: [VHDL 208-304] Generating VHDL RTL for matrixmul.
INFO: [VLOG 209-307] Generating Verilog RTL for matrixmul.
INFO: [HLS 200-112] Total elapsed time: 20.135 seconds; peak allocated memory: 119.738 MB.
==============================================================
Vivado(TM) HLS - High-Level Synthesis from C, C++ and SystemC v2019.2 (64-bit)
Copyright 1986-2019 Xilinx, Inc. All Rights Reserved.
==============================================================
INFO: [SYN 201-201] Setting up clock 'default' with a period of 5ns.
INFO: [HLS 200-10] Setting target device to 'xc7z020-clg400-1'
INFO: [HLS 200-435] Setting 'config_sdx -optimization_level' configuration: config_export -vivado_optimization_level=2
INFO: [HLS 200-435] Setting 'config_sdx -target' configuration: config_export -vivado_optimization_level=2
INFO: [HLS 200-435] Setting 'config_sdx -target' configuration: set_clock_uncertainty default
INFO: [SYN 201-201] Setting up clock 'default' with an uncertainty of 0.625ns.
INFO: [COSIM 212-47] Using XSIM for RTL simulation.
INFO: [COSIM 212-14] Instrumenting C test bench ...
INFO: [COSIM 212-302] Starting C TB testing ... 
INFO: [COSIM 212-333] Generating C post check test bench ...
INFO: [COSIM 212-12] Generating RTL test bench ...
INFO: [COSIM 212-1] *** C/RTL co-simulation file generation completed. ***
INFO: [COSIM 212-323] Starting verilog simulation. 
INFO: [COSIM 212-15] Starting XSIM ...
INFO: [COSIM 212-316] Starting C post checking ...
INFO: [COSIM 212-1000] *** C/RTL co-simulation finished: PASS ***
INFO: [COSIM 212-211] II is measurable only when transaction number is greater than 1 in RTL simulation. Otherwise, they will be marked as all NA. If user wants to calculate them, please make sure there are at least 2 transactions in RTL simulation.
==============================================================
Vivado(TM) HLS - High-Level Synthesis from C, C++ and SystemC v2019.2 (64-bit)
Copyright 1986-2019 Xilinx, Inc. All Rights Reserved.
==============================================================
INFO: [SYN 201-201] Setting up clock 'default' with a period of 5ns.
INFO: [HLS 200-10] Setting target device to 'xc7z020-clg400-1'
INFO: [HLS 200-435] Setting 'config_sdx -optimization_level' configuration: config_export -vivado_optimization_level=2
INFO: [HLS 200-435] Setting 'config_sdx -target' configuration: config_export -vivado_optimization_level=2
INFO: [HLS 200-435] Setting 'config_sdx -target' configuration: set_clock_uncertainty default
INFO: [SYN 201-201] Setting up clock 'default' with an uncertainty of 0.625ns.
INFO: [IMPL 213-8] Exporting RTL as a Vivado IP.
