==============================================================
Vivado(TM) HLS - High-Level Synthesis from C, C++ and SystemC v2019.2 (64-bit)
Copyright 1986-2019 Xilinx, Inc. All Rights Reserved.
==============================================================
WARNING: [HLS 200-40] Resetting target device to 'xcku035-fbva676-1-i'
INFO: [SYN 201-201] Setting up clock 'default' with a period of 4ns.
INFO: [SIM 211-2] *************** CSIM start ***************
INFO: [SIM 211-4] CSIM will launch GCC as the compiler.
INFO: [SIM 211-1] CSim done with 0 errors.
INFO: [SIM 211-3] *************** CSIM finish ***************
INFO: [SCHED 204-61] Option 'relax_ii_for_timing' is enabled, will increase II to preserve clock frequency constraints.
INFO: [HLS 200-10] Analyzing design file 'src/diff_sq_acc.cpp' ... 
INFO: [HLS 200-111] Finished Linking Time (s): cpu = 00:00:16 ; elapsed = 03:48:30 . Memory (MB): peak = 324.676 ; gain = 235.219
INFO: [HLS 200-111] Finished Checking Pragmas Time (s): cpu = 00:00:16 ; elapsed = 03:48:30 . Memory (MB): peak = 324.676 ; gain = 235.219
INFO: [HLS 200-10] Starting code transformations ...
INFO: [HLS 200-111] Finished Standard Transforms Time (s): cpu = 00:00:16 ; elapsed = 03:48:31 . Memory (MB): peak = 324.676 ; gain = 235.219
INFO: [HLS 200-10] Checking synthesizability ...
INFO: [HLS 200-111] Finished Checking Synthesizability Time (s): cpu = 00:00:16 ; elapsed = 03:48:31 . Memory (MB): peak = 324.676 ; gain = 235.219
INFO: [HLS 200-111] Finished Pre-synthesis Time (s): cpu = 00:00:16 ; elapsed = 03:48:31 . Memory (MB): peak = 324.676 ; gain = 235.219
INFO: [HLS 200-111] Finished Architecture Synthesis Time (s): cpu = 00:00:16 ; elapsed = 03:48:31 . Memory (MB): peak = 324.676 ; gain = 235.219
INFO: [HLS 200-10] Starting hardware synthesis ...
INFO: [HLS 200-10] Synthesizing 'diff_sq_acc' ...
INFO: [HLS 200-10] ----------------------------------------------------------------
INFO: [HLS 200-42] -- Implementing module 'diff_sq_acc' 
INFO: [HLS 200-10] ----------------------------------------------------------------
INFO: [SCHED 204-11] Starting scheduling ...
INFO: [SCHED 204-61] Pipelining loop 'Loop 1'.
INFO: [SCHED 204-61] Pipelining result : Target II = 1, Final II = 1, Depth = 3.
INFO: [SCHED 204-11] Finished scheduling.
INFO: [HLS 200-111]  Elapsed time: 11853.3 seconds; current allocated memory: 133.141 MB.
INFO: [BIND 205-100] Starting micro-architecture generation ...
INFO: [BIND 205-101] Performing variable lifetime analysis.
INFO: [BIND 205-101] Exploring resource sharing.
INFO: [BIND 205-101] Binding ...
INFO: [BIND 205-100] Finished micro-architecture generation.
INFO: [HLS 200-111]  Elapsed time: 0.092 seconds; current allocated memory: 133.245 MB.
INFO: [HLS 200-10] ----------------------------------------------------------------
INFO: [HLS 200-10] -- Generating RTL for module 'diff_sq_acc' 
INFO: [HLS 200-10] ----------------------------------------------------------------
INFO: [RTGEN 206-500] Setting interface mode on port 'diff_sq_acc/a_V' to 'ap_memory'.
INFO: [RTGEN 206-500] Setting interface mode on port 'diff_sq_acc/b_V' to 'ap_memory'.
INFO: [RTGEN 206-500] Setting interface mode on port 'diff_sq_acc/dout_V' to 'ap_vld'.
INFO: [RTGEN 206-500] Setting interface mode on function 'diff_sq_acc' to 'ap_ctrl_hs'.
INFO: [SYN 201-210] Renamed object name 'diff_sq_acc_ama_submuladd_16s_16s_32s_32_2_1' to 'diff_sq_acc_ama_sbkb' due to the length limit 20
INFO: [RTGEN 206-100] Generating core module 'diff_sq_acc_ama_sbkb': 1 instance(s).
INFO: [RTGEN 206-100] Finished creating RTL model for 'diff_sq_acc'.
INFO: [HLS 200-111]  Elapsed time: 0.131 seconds; current allocated memory: 133.421 MB.
INFO: [HLS 200-790] **** Loop Constraint Status: All loop constraints were satisfied.
INFO: [HLS 200-789] **** Estimated Fmax: 313.77 MHz
INFO: [HLS 200-111] Finished generating all RTL models Time (s): cpu = 00:00:17 ; elapsed = 03:48:33 . Memory (MB): peak = 324.676 ; gain = 235.219
INFO: [VHDL 208-304] Generating VHDL RTL for diff_sq_acc.
INFO: [VLOG 209-307] Generating Verilog RTL for diff_sq_acc.
INFO: [COSIM 212-47] Using XSIM for RTL simulation.
INFO: [COSIM 212-14] Instrumenting C test bench ...
INFO: [COSIM 212-302] Starting C TB testing ... 
INFO: [COSIM 212-333] Generating C post check test bench ...
INFO: [COSIM 212-12] Generating RTL test bench ...
INFO: [COSIM 212-1] *** C/RTL co-simulation file generation completed. ***
INFO: [COSIM 212-323] Starting verilog simulation. 
INFO: [COSIM 212-15] Starting XSIM ...
INFO: [COSIM 212-316] Starting C post checking ...
INFO: [COSIM 212-1000] *** C/RTL co-simulation finished: PASS ***
WARNING: [HLS 200-483] The 'export_design -evaluate verilog' command is deprecated and will be removed in a future release. Use 'export_design -flow impl -rtl verilog' as its replacement.
INFO: [IMPL 213-8] Exporting RTL as a Vivado IP.
INFO: [IMPL 213-8] Starting RTL evaluation using Vivado ...
INFO: [HLS 200-112] Total elapsed time: 14135.2 seconds; peak allocated memory: 245.079 MB.
INFO: [Common 17-206] Exiting vivado_hls at Mon Dec 21 17:28:35 2020...
==============================================================
Vivado(TM) HLS - High-Level Synthesis from C, C++ and SystemC v2019.2 (64-bit)
Copyright 1986-2019 Xilinx, Inc. All Rights Reserved.
==============================================================
INFO: [SYN 201-201] Setting up clock 'default' with a period of 4ns.
INFO: [HLS 200-10] Setting target device to 'xcku035-fbva676-1-i'
INFO: [SIM 211-2] *************** CSIM start ***************
INFO: [SIM 211-4] CSIM will launch GCC as the compiler.
INFO: [SIM 211-1] CSim done with 0 errors.
INFO: [SIM 211-3] *************** CSIM finish ***************
==============================================================
Vivado(TM) HLS - High-Level Synthesis from C, C++ and SystemC v2019.2 (64-bit)
Copyright 1986-2019 Xilinx, Inc. All Rights Reserved.
==============================================================
INFO: [SYN 201-201] Setting up clock 'default' with a period of 4ns.
INFO: [HLS 200-10] Setting target device to 'xcku035-fbva676-1-i'
INFO: [SCHED 204-61] Option 'relax_ii_for_timing' is enabled, will increase II to preserve clock frequency constraints.
INFO: [HLS 200-10] Analyzing design file 'src/diff_sq_acc.cpp' ... 
INFO: [HLS 200-111] Finished Linking Time (s): cpu = 00:00:01 ; elapsed = 00:00:11 . Memory (MB): peak = 186.387 ; gain = 96.664
INFO: [HLS 200-111] Finished Checking Pragmas Time (s): cpu = 00:00:01 ; elapsed = 00:00:11 . Memory (MB): peak = 186.387 ; gain = 96.664
INFO: [HLS 200-10] Starting code transformations ...
INFO: [HLS 200-111] Finished Standard Transforms Time (s): cpu = 00:00:01 ; elapsed = 00:00:11 . Memory (MB): peak = 186.387 ; gain = 96.664
INFO: [HLS 200-10] Checking synthesizability ...
INFO: [HLS 200-111] Finished Checking Synthesizability Time (s): cpu = 00:00:01 ; elapsed = 00:00:11 . Memory (MB): peak = 186.387 ; gain = 96.664
INFO: [HLS 200-111] Finished Pre-synthesis Time (s): cpu = 00:00:01 ; elapsed = 00:00:11 . Memory (MB): peak = 186.387 ; gain = 96.664
INFO: [HLS 200-111] Finished Architecture Synthesis Time (s): cpu = 00:00:01 ; elapsed = 00:00:11 . Memory (MB): peak = 186.387 ; gain = 96.664
INFO: [HLS 200-10] Starting hardware synthesis ...
INFO: [HLS 200-10] Synthesizing 'diff_sq_acc' ...
INFO: [HLS 200-10] ----------------------------------------------------------------
INFO: [HLS 200-42] -- Implementing module 'diff_sq_acc' 
INFO: [HLS 200-10] ----------------------------------------------------------------
INFO: [SCHED 204-11] Starting scheduling ...
INFO: [SCHED 204-11] Finished scheduling.
INFO: [HLS 200-111]  Elapsed time: 11.335 seconds; current allocated memory: 104.241 MB.
INFO: [BIND 205-100] Starting micro-architecture generation ...
INFO: [BIND 205-101] Performing variable lifetime analysis.
INFO: [BIND 205-101] Exploring resource sharing.
INFO: [BIND 205-101] Binding ...
INFO: [BIND 205-100] Finished micro-architecture generation.
INFO: [HLS 200-111]  Elapsed time: 0.073 seconds; current allocated memory: 104.356 MB.
INFO: [HLS 200-10] ----------------------------------------------------------------
INFO: [HLS 200-10] -- Generating RTL for module 'diff_sq_acc' 
INFO: [HLS 200-10] ----------------------------------------------------------------
INFO: [RTGEN 206-500] Setting interface mode on port 'diff_sq_acc/a_V' to 'ap_memory'.
INFO: [RTGEN 206-500] Setting interface mode on port 'diff_sq_acc/b_V' to 'ap_memory'.
INFO: [RTGEN 206-500] Setting interface mode on port 'diff_sq_acc/dout_V' to 'ap_vld'.
INFO: [RTGEN 206-500] Setting interface mode on function 'diff_sq_acc' to 'ap_ctrl_hs'.
INFO: [SYN 201-210] Renamed object name 'diff_sq_acc_ama_submuladd_16s_16s_32s_32_2_1' to 'diff_sq_acc_ama_sbkb' due to the length limit 20
INFO: [RTGEN 206-100] Generating core module 'diff_sq_acc_ama_sbkb': 1 instance(s).
INFO: [RTGEN 206-100] Finished creating RTL model for 'diff_sq_acc'.
INFO: [HLS 200-111]  Elapsed time: 0.105 seconds; current allocated memory: 104.581 MB.
INFO: [HLS 200-790] **** Loop Constraint Status: All loop constraints were satisfied.
INFO: [HLS 200-789] **** Estimated Fmax: 313.77 MHz
INFO: [HLS 200-111] Finished generating all RTL models Time (s): cpu = 00:00:02 ; elapsed = 00:00:13 . Memory (MB): peak = 186.387 ; gain = 96.664
INFO: [VHDL 208-304] Generating VHDL RTL for diff_sq_acc.
INFO: [VLOG 209-307] Generating Verilog RTL for diff_sq_acc.
INFO: [HLS 200-112] Total elapsed time: 12.828 seconds; peak allocated memory: 104.581 MB.
==============================================================
Vivado(TM) HLS - High-Level Synthesis from C, C++ and SystemC v2019.2 (64-bit)
Copyright 1986-2019 Xilinx, Inc. All Rights Reserved.
==============================================================
INFO: [SYN 201-201] Setting up clock 'default' with a period of 4ns.
INFO: [HLS 200-10] Setting target device to 'xcku035-fbva676-1-i'
INFO: [COSIM 212-47] Using XSIM for RTL simulation.
INFO: [COSIM 212-14] Instrumenting C test bench ...
INFO: [COSIM 212-302] Starting C TB testing ... 
INFO: [COSIM 212-333] Generating C post check test bench ...
INFO: [COSIM 212-12] Generating RTL test bench ...
INFO: [COSIM 212-1] *** C/RTL co-simulation file generation completed. ***
INFO: [COSIM 212-323] Starting verilog simulation. 
INFO: [COSIM 212-15] Starting XSIM ...
INFO: [COSIM 212-316] Starting C post checking ...
INFO: [COSIM 212-1000] *** C/RTL co-simulation finished: PASS ***
