INFO: [XSIM 43-3496] Using init file passed via -initfile option "C:/Xilinx/Vivado/2019.2/data/xsim/ip/xsim_ip.ini".
Vivado Simulator 2019.2
Copyright 1986-1999, 2001-2019 Xilinx, Inc. All Rights Reserved.
Running: C:/Xilinx/Vivado/2019.2/bin/unwrapped/win64.o/xelab.exe xil_defaultlib.apatb_matrixmul_top glbl -prj matrixmul.prj -L smartconnect_v1_0 -L axi_protocol_checker_v1_1_12 -L axi_protocol_checker_v1_1_13 -L axis_protocol_checker_v1_1_11 -L axis_protocol_checker_v1_1_12 -L xil_defaultlib -L unisims_ver -L xpm --initfile C:/Xilinx/Vivado/2019.2/data/xsim/ip/xsim_ip.ini --lib ieee_proposed=./ieee_proposed -s matrixmul -debug wave 
Multi-threading is on. Using 10 slave threads.
INFO: [VRFC 10-2263] Analyzing SystemVerilog file "C:/Users/admin/msoc/pp4fpgas-master/examples/matrixmultiplication.proj/solution/sim/verilog/glbl.v" into library work
INFO: [VRFC 10-311] analyzing module glbl
INFO: [VRFC 10-2263] Analyzing SystemVerilog file "C:/Users/admin/msoc/pp4fpgas-master/examples/matrixmultiplication.proj/solution/sim/verilog/AESL_axi_slave_AXILiteS.v" into library xil_defaultlib
INFO: [VRFC 10-311] analyzing module AESL_axi_slave_AXILiteS
INFO: [VRFC 10-2263] Analyzing SystemVerilog file "C:/Users/admin/msoc/pp4fpgas-master/examples/matrixmultiplication.proj/solution/sim/verilog/matrixmul.autotb.v" into library xil_defaultlib
INFO: [VRFC 10-311] analyzing module apatb_matrixmul_top
INFO: [VRFC 10-2263] Analyzing SystemVerilog file "C:/Users/admin/msoc/pp4fpgas-master/examples/matrixmultiplication.proj/solution/sim/verilog/matrixmul.v" into library xil_defaultlib
INFO: [VRFC 10-311] analyzing module matrixmul
INFO: [VRFC 10-2263] Analyzing SystemVerilog file "C:/Users/admin/msoc/pp4fpgas-master/examples/matrixmultiplication.proj/solution/sim/verilog/matrixmul_AXILiteS_s_axi.v" into library xil_defaultlib
INFO: [VRFC 10-311] analyzing module matrixmul_AXILiteS_s_axi
INFO: [VRFC 10-311] analyzing module matrixmul_AXILiteS_s_axi_ram
INFO: [VRFC 10-2263] Analyzing SystemVerilog file "C:/Users/admin/msoc/pp4fpgas-master/examples/matrixmultiplication.proj/solution/sim/verilog/matrixmul_mul_32sbkb.v" into library xil_defaultlib
INFO: [VRFC 10-311] analyzing module matrixmul_mul_32sbkb_MulnS_0
INFO: [VRFC 10-311] analyzing module matrixmul_mul_32sbkb
Starting static elaboration
Pass Through NonSizing Optimizer
Completed static elaboration
Starting simulation data flow analysis
Completed simulation data flow analysis
Time Resolution for simulation is 1ps
Compiling module xil_defaultlib.matrixmul_AXILiteS_s_axi_ram(DEP...
Compiling module xil_defaultlib.matrixmul_AXILiteS_s_axi
Compiling module xil_defaultlib.matrixmul_mul_32sbkb_MulnS_0
Compiling module xil_defaultlib.matrixmul_mul_32sbkb(ID=1,NUM_ST...
Compiling module xil_defaultlib.matrixmul
Compiling module xil_defaultlib.AESL_axi_slave_AXILiteS
Compiling module xil_defaultlib.apatb_matrixmul_top
Compiling module work.glbl
Built simulation snapshot matrixmul
